<?xml version="1.0" encoding="UTF-8"?>
<testsuite name="com.young.springboot.web.HelloControllerTest" tests="2" skipped="0" failures="0" errors="0" timestamp="2021-12-14T10:31:25" hostname="DESKTOP-GHN1RO2" time="0.109">
  <properties/>
  <testcase name="hello가_리턴된다()" classname="com.young.springboot.web.HelloControllerTest" time="0.051"/>
  <testcase name="helloDto가_리턴된다()" classname="com.young.springboot.web.HelloControllerTest" time="0.057"/>
  <system-out><![CDATA[2021-12-14 19:31:25.461  INFO 31312 --- [    Test worker] .b.t.a.w.s.WebMvcTestContextBootstrapper : Neither @ContextConfiguration nor @ContextHierarchy found for test class [com.young.springboot.web.HelloControllerTest], using SpringBootContextLoader
2021-12-14 19:31:25.462  INFO 31312 --- [    Test worker] o.s.t.c.support.AbstractContextLoader    : Could not detect default resource locations for test class [com.young.springboot.web.HelloControllerTest]: no resource found for suffixes {-context.xml, Context.groovy}.
2021-12-14 19:31:25.462  INFO 31312 --- [    Test worker] t.c.s.AnnotationConfigContextLoaderUtils : Could not detect default configuration classes for test class [com.young.springboot.web.HelloControllerTest]: HelloControllerTest does not declare any static, non-private, non-final, nested classes annotated with @Configuration.
2021-12-14 19:31:25.480  INFO 31312 --- [    Test worker] .b.t.c.SpringBootTestContextBootstrapper : Found @SpringBootConfiguration com.young.springboot.Application for test class com.young.springboot.web.HelloControllerTest
2021-12-14 19:31:25.481  INFO 31312 --- [    Test worker] .b.t.a.w.s.WebMvcTestContextBootstrapper : Loaded default TestExecutionListener class names from location [META-INF/spring.factories]: [org.springframework.security.test.context.support.WithSecurityContextTestExecutionListener, org.springframework.security.test.context.support.ReactorContextTestExecutionListener, org.springframework.boot.test.autoconfigure.restdocs.RestDocsTestExecutionListener, org.springframework.boot.test.autoconfigure.web.client.MockRestServiceServerResetTestExecutionListener, org.springframework.boot.test.autoconfigure.web.servlet.MockMvcPrintOnlyOnFailureTestExecutionListener, org.springframework.boot.test.autoconfigure.web.servlet.WebDriverTestExecutionListener, org.springframework.boot.test.autoconfigure.webservices.client.MockWebServiceServerTestExecutionListener, org.springframework.boot.test.mock.mockito.MockitoTestExecutionListener, org.springframework.boot.test.mock.mockito.ResetMocksTestExecutionListener, org.springframework.test.context.web.ServletTestExecutionListener, org.springframework.test.context.support.DirtiesContextBeforeModesTestExecutionListener, org.springframework.test.context.support.DependencyInjectionTestExecutionListener, org.springframework.test.context.support.DirtiesContextTestExecutionListener, org.springframework.test.context.transaction.TransactionalTestExecutionListener, org.springframework.test.context.jdbc.SqlScriptsTestExecutionListener, org.springframework.test.context.event.EventPublishingTestExecutionListener]
2021-12-14 19:31:25.482  INFO 31312 --- [    Test worker] .b.t.a.w.s.WebMvcTestContextBootstrapper : Using TestExecutionListeners: [org.springframework.test.context.web.ServletTestExecutionListener@5c5de12c, org.springframework.test.context.support.DirtiesContextBeforeModesTestExecutionListener@73514f23, org.springframework.boot.test.mock.mockito.MockitoTestExecutionListener@7eb5134d, org.springframework.boot.test.autoconfigure.SpringBootDependencyInjectionTestExecutionListener@600bb762, org.springframework.test.context.support.DirtiesContextTestExecutionListener@53ec6ece, org.springframework.test.context.transaction.TransactionalTestExecutionListener@2a3d0bc7, org.springframework.test.context.jdbc.SqlScriptsTestExecutionListener@7cc45ab6, org.springframework.security.test.context.support.WithSecurityContextTestExecutionListener@414952eb, org.springframework.test.context.event.EventPublishingTestExecutionListener@7163ce12, org.springframework.security.test.context.support.ReactorContextTestExecutionListener@33c290ca, org.springframework.boot.test.autoconfigure.restdocs.RestDocsTestExecutionListener@6d0d7dee, org.springframework.boot.test.autoconfigure.web.client.MockRestServiceServerResetTestExecutionListener@6658a4ae, org.springframework.boot.test.autoconfigure.web.servlet.MockMvcPrintOnlyOnFailureTestExecutionListener@924f529, org.springframework.boot.test.autoconfigure.web.servlet.WebDriverTestExecutionListener@2ec76007, org.springframework.boot.test.autoconfigure.webservices.client.MockWebServiceServerTestExecutionListener@28238a3c, org.springframework.boot.test.mock.mockito.ResetMocksTestExecutionListener@b7d2642]

  .   ____          _            __ _ _
 /\\ / ___'_ __ _ _(_)_ __  __ _ \ \ \ \
( ( )\___ | '_ | '_| | '_ \/ _` | \ \ \ \
 \\/  ___)| |_)| | | | | || (_| |  ) ) ) )
  '  |____| .__|_| |_|_| |_\__, | / / / /
 =========|_|==============|___/=/_/_/_/
 :: Spring Boot ::                (v2.4.1)

2021-12-14 19:31:25.501  INFO 31312 --- [    Test worker] c.y.springboot.web.HelloControllerTest   : Starting HelloControllerTest using Java 11.0.11 on DESKTOP-GHN1RO2 with PID 31312 (started by jybeo in D:\TEST)
2021-12-14 19:31:25.501  INFO 31312 --- [    Test worker] c.y.springboot.web.HelloControllerTest   : The following profiles are active: oauth
2021-12-14 19:31:25.739  INFO 31312 --- [    Test worker] o.s.s.concurrent.ThreadPoolTaskExecutor  : Initializing ExecutorService 'applicationTaskExecutor'
2021-12-14 19:31:25.757  INFO 31312 --- [    Test worker] o.s.b.a.w.s.WelcomePageHandlerMapping    : Adding welcome page template: index
2021-12-14 19:31:25.915  INFO 31312 --- [    Test worker] o.s.s.web.DefaultSecurityFilterChain     : Will secure any request with [org.springframework.security.web.context.request.async.WebAsyncManagerIntegrationFilter@2ed4264c, org.springframework.security.web.context.SecurityContextPersistenceFilter@708bef0f, org.springframework.security.web.header.HeaderWriterFilter@1ee19382, org.springframework.security.web.csrf.CsrfFilter@5c6b13c5, org.springframework.security.web.authentication.logout.LogoutFilter@62a62a88, org.springframework.security.oauth2.client.web.OAuth2AuthorizationRequestRedirectFilter@7a009745, org.springframework.security.oauth2.client.web.OAuth2AuthorizationRequestRedirectFilter@25a98dfb, org.springframework.security.oauth2.client.web.OAuth2LoginAuthenticationFilter@4f57fa51, org.springframework.security.web.authentication.ui.DefaultLoginPageGeneratingFilter@1fd9ea8c, org.springframework.security.web.authentication.ui.DefaultLogoutPageGeneratingFilter@4e95c7df, org.springframework.security.web.savedrequest.RequestCacheAwareFilter@6872be1e, org.springframework.security.web.servletapi.SecurityContextHolderAwareRequestFilter@7a9d4d11, org.springframework.security.web.authentication.AnonymousAuthenticationFilter@714e8930, org.springframework.security.oauth2.client.web.OAuth2AuthorizationCodeGrantFilter@10d74f1f, org.springframework.security.web.session.SessionManagementFilter@5bfd95b8, org.springframework.security.web.access.ExceptionTranslationFilter@1a905e2e, org.springframework.security.web.access.intercept.FilterSecurityInterceptor@13182554]
2021-12-14 19:31:25.965  INFO 31312 --- [    Test worker] o.s.b.t.m.w.SpringBootMockServletContext : Initializing Spring TestDispatcherServlet ''
2021-12-14 19:31:25.965  INFO 31312 --- [    Test worker] o.s.t.web.servlet.TestDispatcherServlet  : Initializing Servlet ''
2021-12-14 19:31:25.966  INFO 31312 --- [    Test worker] o.s.t.web.servlet.TestDispatcherServlet  : Completed initialization in 1 ms
2021-12-14 19:31:25.975  INFO 31312 --- [    Test worker] c.y.springboot.web.HelloControllerTest   : Started HelloControllerTest in 0.491 seconds (JVM running for 5.639)
]]></system-out>
  <system-err><![CDATA[]]></system-err>
</testsuite>
