<?xml version="1.0" encoding="UTF-8"?>
<testsuite name="com.young.springboot.web.dto.HelloResponseDtoTest" tests="1" skipped="0" failures="0" errors="0" timestamp="2021-12-14T10:31:27" hostname="DESKTOP-GHN1RO2" time="0.002">
  <properties/>
  <testcase name="롬복_기능테스트()" classname="com.young.springboot.web.dto.HelloResponseDtoTest" time="0.002"/>
  <system-out><![CDATA[]]></system-out>
  <system-err><![CDATA[]]></system-err>
</testsuite>
