<?xml version="1.0" encoding="UTF-8"?>
<testsuite name="com.young.springboot.web.PostsApiControllerTest" tests="2" skipped="0" failures="0" errors="0" timestamp="2021-12-14T10:31:27" hostname="DESKTOP-GHN1RO2" time="0.071">
  <properties/>
  <testcase name="posts_등록된다()" classname="com.young.springboot.web.PostsApiControllerTest" time="0.05"/>
  <testcase name="Posts_수정된다()" classname="com.young.springboot.web.PostsApiControllerTest" time="0.02"/>
  <system-out><![CDATA[2021-12-14 19:31:27.400  INFO 31312 --- [    Test worker] .b.t.c.SpringBootTestContextBootstrapper : Neither @ContextConfiguration nor @ContextHierarchy found for test class [com.young.springboot.web.PostsApiControllerTest], using SpringBootContextLoader
2021-12-14 19:31:27.401  INFO 31312 --- [    Test worker] o.s.t.c.support.AbstractContextLoader    : Could not detect default resource locations for test class [com.young.springboot.web.PostsApiControllerTest]: no resource found for suffixes {-context.xml, Context.groovy}.
2021-12-14 19:31:27.401  INFO 31312 --- [    Test worker] t.c.s.AnnotationConfigContextLoaderUtils : Could not detect default configuration classes for test class [com.young.springboot.web.PostsApiControllerTest]: PostsApiControllerTest does not declare any static, non-private, non-final, nested classes annotated with @Configuration.
2021-12-14 19:31:27.402  INFO 31312 --- [    Test worker] .b.t.c.SpringBootTestContextBootstrapper : Found @SpringBootConfiguration com.young.springboot.Application for test class com.young.springboot.web.PostsApiControllerTest
2021-12-14 19:31:27.403  INFO 31312 --- [    Test worker] .b.t.c.SpringBootTestContextBootstrapper : Loaded default TestExecutionListener class names from location [META-INF/spring.factories]: [org.springframework.security.test.context.support.WithSecurityContextTestExecutionListener, org.springframework.security.test.context.support.ReactorContextTestExecutionListener, org.springframework.boot.test.autoconfigure.restdocs.RestDocsTestExecutionListener, org.springframework.boot.test.autoconfigure.web.client.MockRestServiceServerResetTestExecutionListener, org.springframework.boot.test.autoconfigure.web.servlet.MockMvcPrintOnlyOnFailureTestExecutionListener, org.springframework.boot.test.autoconfigure.web.servlet.WebDriverTestExecutionListener, org.springframework.boot.test.autoconfigure.webservices.client.MockWebServiceServerTestExecutionListener, org.springframework.boot.test.mock.mockito.MockitoTestExecutionListener, org.springframework.boot.test.mock.mockito.ResetMocksTestExecutionListener, org.springframework.test.context.web.ServletTestExecutionListener, org.springframework.test.context.support.DirtiesContextBeforeModesTestExecutionListener, org.springframework.test.context.support.DependencyInjectionTestExecutionListener, org.springframework.test.context.support.DirtiesContextTestExecutionListener, org.springframework.test.context.transaction.TransactionalTestExecutionListener, org.springframework.test.context.jdbc.SqlScriptsTestExecutionListener, org.springframework.test.context.event.EventPublishingTestExecutionListener]
2021-12-14 19:31:27.404  INFO 31312 --- [    Test worker] .b.t.c.SpringBootTestContextBootstrapper : Using TestExecutionListeners: [org.springframework.test.context.web.ServletTestExecutionListener@5bcff66, org.springframework.test.context.support.DirtiesContextBeforeModesTestExecutionListener@499bd35a, org.springframework.boot.test.mock.mockito.MockitoTestExecutionListener@2f42df7c, org.springframework.boot.test.autoconfigure.SpringBootDependencyInjectionTestExecutionListener@5aad143a, org.springframework.test.context.support.DirtiesContextTestExecutionListener@380887c6, org.springframework.test.context.transaction.TransactionalTestExecutionListener@2f1e829e, org.springframework.test.context.jdbc.SqlScriptsTestExecutionListener@169e013e, org.springframework.security.test.context.support.WithSecurityContextTestExecutionListener@2420cb13, org.springframework.test.context.event.EventPublishingTestExecutionListener@586a5ee6, org.springframework.security.test.context.support.ReactorContextTestExecutionListener@3bb3d07, org.springframework.boot.test.autoconfigure.restdocs.RestDocsTestExecutionListener@65ca5bbf, org.springframework.boot.test.autoconfigure.web.client.MockRestServiceServerResetTestExecutionListener@47106c46, org.springframework.boot.test.autoconfigure.web.servlet.MockMvcPrintOnlyOnFailureTestExecutionListener@4d07972c, org.springframework.boot.test.autoconfigure.web.servlet.WebDriverTestExecutionListener@178ed88e, org.springframework.boot.test.autoconfigure.webservices.client.MockWebServiceServerTestExecutionListener@202e6e63, org.springframework.boot.test.mock.mockito.ResetMocksTestExecutionListener@6498547c]
2021-12-14 19:31:27.411  INFO 31312 --- [    Test worker] o.a.c.c.C.[Tomcat].[localhost].[/]       : Initializing Spring TestDispatcherServlet ''
2021-12-14 19:31:27.411  INFO 31312 --- [    Test worker] o.s.t.web.servlet.TestDispatcherServlet  : Initializing Servlet ''
2021-12-14 19:31:27.412  INFO 31312 --- [    Test worker] o.s.t.web.servlet.TestDispatcherServlet  : Completed initialization in 1 ms
Hibernate: insert into posts (created_date, modified_date, author, content, title) values (?, ?, ?, ?, ?)
Hibernate: select posts0_.id as id1_0_, posts0_.created_date as created_2_0_, posts0_.modified_date as modified3_0_, posts0_.author as author4_0_, posts0_.content as content5_0_, posts0_.title as title6_0_ from posts posts0_
Hibernate: select posts0_.id as id1_0_, posts0_.created_date as created_2_0_, posts0_.modified_date as modified3_0_, posts0_.author as author4_0_, posts0_.content as content5_0_, posts0_.title as title6_0_ from posts posts0_
Hibernate: delete from posts where id=?
2021-12-14 19:31:27.459  INFO 31312 --- [    Test worker] o.a.c.c.C.[Tomcat].[localhost].[/]       : Initializing Spring TestDispatcherServlet ''
2021-12-14 19:31:27.459  INFO 31312 --- [    Test worker] o.s.t.web.servlet.TestDispatcherServlet  : Initializing Servlet ''
2021-12-14 19:31:27.460  INFO 31312 --- [    Test worker] o.s.t.web.servlet.TestDispatcherServlet  : Completed initialization in 1 ms
Hibernate: insert into posts (created_date, modified_date, author, content, title) values (?, ?, ?, ?, ?)
Hibernate: select posts0_.id as id1_0_0_, posts0_.created_date as created_2_0_0_, posts0_.modified_date as modified3_0_0_, posts0_.author as author4_0_0_, posts0_.content as content5_0_0_, posts0_.title as title6_0_0_ from posts posts0_ where posts0_.id=?
Hibernate: update posts set created_date=?, modified_date=?, author=?, content=?, title=? where id=?
Hibernate: select posts0_.id as id1_0_, posts0_.created_date as created_2_0_, posts0_.modified_date as modified3_0_, posts0_.author as author4_0_, posts0_.content as content5_0_, posts0_.title as title6_0_ from posts posts0_
Hibernate: select posts0_.id as id1_0_, posts0_.created_date as created_2_0_, posts0_.modified_date as modified3_0_, posts0_.author as author4_0_, posts0_.content as content5_0_, posts0_.title as title6_0_ from posts posts0_
Hibernate: delete from posts where id=?
]]></system-out>
  <system-err><![CDATA[]]></system-err>
</testsuite>
